<?xml version="1.0" encoding="UTF-8"?>
<testng-results ignored="0" total="1" passed="1" failed="0" skipped="0">
  <reporter-output>
    <line>
      <![CDATA[openBrowser]]>
    </line>
    <line>
      <![CDATA[Login]]>
    </line>
    <line>
      <![CDATA[createCustomer]]>
    </line>
    <line>
      <![CDATA[logout]]>
    </line>
    <line>
      <![CDATA[closeBrowser]]>
    </line>
  </reporter-output>
  <suite started-at="2023-02-10T10:33:42 IST" name="Suite" finished-at="2023-02-10T10:34:24 IST" duration-ms="42247">
    <groups>
    </groups>
    <test started-at="2023-02-10T10:33:42 IST" name="Test" finished-at="2023-02-10T10:34:24 IST" duration-ms="42247">
      <class name="com.actitime.testscripts.CustomerModule">
        <test-method is-config="true" signature="openBrowser()[pri:0, instance:com.actitime.testscripts.CustomerModule@36bc55de]" started-at="2023-02-10T10:33:42 IST" name="openBrowser" finished-at="2023-02-10T10:33:48 IST" duration-ms="6086" status="PASS">
          <reporter-output>
            <line>
              <![CDATA[openBrowser]]>
            </line>
          </reporter-output>
        </test-method> <!-- openBrowser -->
        <test-method is-config="true" signature="Login()[pri:0, instance:com.actitime.testscripts.CustomerModule@36bc55de]" started-at="2023-02-10T10:33:48 IST" name="Login" finished-at="2023-02-10T10:33:54 IST" duration-ms="5597" status="PASS">
          <reporter-output>
            <line>
              <![CDATA[Login]]>
            </line>
          </reporter-output>
        </test-method> <!-- Login -->
        <test-method signature="createCustomer()[pri:0, instance:com.actitime.testscripts.CustomerModule@36bc55de]" started-at="2023-02-10T10:33:54 IST" name="createCustomer" finished-at="2023-02-10T10:34:20 IST" duration-ms="26247" status="PASS">
          <reporter-output>
            <line>
              <![CDATA[createCustomer]]>
            </line>
          </reporter-output>
        </test-method> <!-- createCustomer -->
        <test-method is-config="true" signature="logout()[pri:0, instance:com.actitime.testscripts.CustomerModule@36bc55de]" started-at="2023-02-10T10:34:20 IST" name="logout" finished-at="2023-02-10T10:34:22 IST" duration-ms="2432" status="PASS">
          <reporter-output>
            <line>
              <![CDATA[logout]]>
            </line>
          </reporter-output>
        </test-method> <!-- logout -->
        <test-method is-config="true" signature="closeBrowser()[pri:0, instance:com.actitime.testscripts.CustomerModule@36bc55de]" started-at="2023-02-10T10:34:22 IST" name="closeBrowser" finished-at="2023-02-10T10:34:24 IST" duration-ms="1725" status="PASS">
          <reporter-output>
            <line>
              <![CDATA[closeBrowser]]>
            </line>
          </reporter-output>
        </test-method> <!-- closeBrowser -->
      </class> <!-- com.actitime.testscripts.CustomerModule -->
    </test> <!-- Test -->
  </suite> <!-- Suite -->
</testng-results>
